2025-06-09 20:48:00,768 INFO Processed https://www.youtube.com/watch?v=K45s2PgywvI
2025-06-09 20:48:00,874 INFO Stored 1 embeddings and index.
2025-06-09 21:03:15,649 INFO Processed https://www.youtube.com/watch?v=K45s2PgywvI
2025-06-09 21:03:15,742 INFO Stored 1 embeddings and index.
2025-06-09 21:04:43,358 INFO Processed https://www.youtube.com/watch?v=GI-TiW4uKBw&t=555s
2025-06-09 21:04:48,784 INFO Stored 17 embeddings and index.
2025-06-09 21:05:26,967 INFO Processed https://www.youtube.com/watch?v=GI-TiW4uKBw&t=555s
2025-06-09 21:05:32,485 INFO Stored 17 embeddings and index.
2025-06-09 21:12:16,976 INFO Processed https://www.youtube.com/watch?v=K45s2PgywvI
2025-06-09 21:12:17,076 INFO Stored 1 embeddings and index.
2025-06-09 21:14:04,626 INFO Processed https://www.youtube.com/watch?v=K45s2PgywvI
2025-06-09 21:14:04,723 INFO Stored 1 embeddings and index.
2025-06-09 21:20:06,407 INFO Processed https://www.youtube.com/watch?v=K45s2PgywvI
2025-06-09 21:20:06,512 INFO Stored 1 embeddings and index.
2025-06-09 21:23:02,696 INFO Processed https://www.youtube.com/watch?v=K45s2PgywvI
2025-06-09 21:23:02,782 INFO Stored 1 embeddings and index.
2025-06-09 21:53:16,293 INFO Processed https://www.youtube.com/watch?v=rqyczEvh3D4
2025-06-09 21:53:16,717 INFO Stored 1 embeddings and index.
2025-06-09 21:53:54,441 INFO Processed https://www.youtube.com/watch?v=rqyczEvh3D4
2025-06-09 21:53:54,772 INFO Stored 1 embeddings and index.
2025-06-09 21:59:49,315 INFO Transcribing audio: temp_audio/What is Retrieval-Augmented Fine-Tuning (RAFT)_.mp3
2025-06-09 22:02:44,586 INFO Transcribing audio: temp_audio/What is Retrieval-Augmented Fine-Tuning (RAFT)_.mp3
2025-06-09 22:03:06,561 ERROR Transcription failed for temp_audio/What is Retrieval-Augmented Fine-Tuning (RAFT)_.mp3: cannot reshape tensor of 0 elements into shape [1, 0, 16, -1] because the unspecified dimension size -1 can be any value and is ambiguous
2025-06-09 22:03:14,345 INFO Transcribing audio: temp_audio/What is Retrieval-Augmented Fine-Tuning (RAFT)_.mp3
2025-06-09 22:03:41,148 ERROR Transcription failed for temp_audio/What is Retrieval-Augmented Fine-Tuning (RAFT)_.mp3: cannot reshape tensor of 0 elements into shape [1, 0, 16, -1] because the unspecified dimension size -1 can be any value and is ambiguous
2025-06-09 22:05:16,469 INFO Processed https://www.youtube.com/watch?v=rqyczEvh3D4
2025-06-09 22:05:18,295 INFO Stored 2 embeddings and index.
2025-06-09 22:06:46,720 INFO Processed https://www.youtube.com/watch?v=rqyczEvh3D4
2025-06-09 22:06:47,754 INFO Stored 2 embeddings and index.
2025-06-09 22:06:58,086 INFO Stored 1 embeddings and index.
2025-06-12 11:09:51,477 INFO Deleted old file: cache/embeddings.pkl
2025-06-12 11:09:51,478 INFO Deleted old file: cache/rqyczEvh3D4.txt
2025-06-12 11:09:51,479 INFO Deleted old file: cache/K45s2PgywvI.txt
2025-06-12 11:09:51,479 INFO Deleted old file: cache/vectorstore.faiss
2025-06-12 11:09:51,480 INFO Deleted old file: cache/wjZofJX0v4M.txt
2025-06-12 11:09:51,480 INFO Deleted old file: cache/GI-TiW4uKBw.txt
2025-06-12 11:09:51,481 INFO Deleted old file: cache/82de7ad0929cc82d9f9fd7e0b360a464.txt
2025-06-12 11:09:51,482 INFO Deleted old file: cache/O8KrViWNhOM.txt
2025-06-12 11:09:51,485 INFO Deleted old file: temp_audio/What is Retrieval-Augmented Fine-Tuning (RAFT)_.mp3
2025-06-12 11:10:50,815 ERROR Failed to get transcript for https://www.youtube.com/watch?v=wjZofJX0v4M: No transcript found in English or Hindi.
2025-06-12 11:11:45,830 ERROR Failed to get transcript for https://www.youtube.com/watch?v=eMlx5fFNoYc: No transcript found in English or Hindi.
2025-06-12 11:16:56,923 ERROR Failed to get transcript for https://www.youtube.com/watch?v=wjZofJX0v4M: No transcript found in English or Hindi.
2025-06-12 11:17:19,409 INFO Transcribing audio: temp_audio/What is Retrieval-Augmented Fine-Tuning (RAFT)_.mp3
2025-06-12 11:22:12,646 INFO Stored 1 embeddings and index.
2025-06-12 11:22:54,392 INFO Stored 1 embeddings and index.
2025-06-12 11:24:04,848 ERROR Failed to get transcript for https://www.youtube.com/watch?v=wjZofJX0v4M: No transcript found in English or Hindi.
2025-06-12 11:40:23,891 ERROR Failed to get transcript for https://www.youtube.com/watch?v=wjZofJX0v4M: No transcript found in English or Hindi.
2025-06-12 11:54:00,832 WARNING No transcript found for https://www.youtube.com/watch?v=wjZofJX0v4M, falling back to Whisper.
2025-06-12 11:55:00,469 INFO Transcribing audio: temp_audio/wjZofJX0v4M.mp3
2025-06-12 12:13:33,149 INFO Deleted old file: temp_audio/wjZofJX0v4M.mp3
2025-06-12 12:14:18,763 WARNING No transcript found for https://www.youtube.com/watch?v=Bj9BD2D3DzA, falling back to Whisper.
2025-06-12 12:14:39,379 INFO Transcribing audio: temp_audio/Bj9BD2D3DzA.mp3
2025-06-12 12:15:20,889 INFO Processed https://www.youtube.com/watch?v=Bj9BD2D3DzA
2025-06-12 12:15:21,349 INFO Stored 1 embeddings and index.
2025-06-12 12:16:55,342 WARNING No transcript found for https://www.youtube.com/watch?v=CB7NNsI27ks, falling back to Whisper.
2025-06-12 12:19:39,684 INFO Transcribing audio: temp_audio/CB7NNsI27ks.mp3
2025-06-12 12:21:43,651 INFO Processed https://www.youtube.com/watch?v=CB7NNsI27ks
2025-06-12 12:21:44,152 INFO Stored 1 embeddings and index.
2025-06-12 12:25:19,954 INFO Processed https://www.youtube.com/watch?v=Bj9BD2D3DzA
2025-06-12 12:25:23,054 INFO Stored 1 embeddings and index.
2025-06-12 12:25:56,621 INFO Stored 1 embeddings and index.
2025-06-24 14:22:12,815 INFO Deleted old file: cache/embeddings.pkl
2025-06-24 14:22:12,815 INFO Deleted old file: cache/vectorstore.faiss
2025-06-24 14:22:12,817 INFO Deleted old file: cache/Bj9BD2D3DzA.txt
2025-06-24 14:22:12,817 INFO Deleted old file: cache/CB7NNsI27ks.txt
2025-06-24 14:22:12,818 INFO Deleted old file: cache/82de7ad0929cc82d9f9fd7e0b360a464.txt
2025-06-24 14:22:12,819 INFO Deleted old file: temp_audio/What is Retrieval-Augmented Fine-Tuning (RAFT)_.mp3
2025-06-24 14:22:41,160 INFO Transcribing audio: temp_audio/What is Retrieval-Augmented Fine-Tuning (RAFT)_.mp3
2025-06-24 14:24:29,662 INFO Stored 1 embeddings and index.
